{"C:\\Personal\\2021 JavaScript Learning\\FullStackOpenProjects\\bloglist-frontend\\src\\App.js": {"path":"C:\\Personal\\2021 JavaScript Learning\\FullStackOpenProjects\\bloglist-frontend\\src\\App.js","statementMap":{"0":{"start":{"line":10,"column":12},"end":{"line":137,"column":1}},"1":{"start":{"line":11,"column":28},"end":{"line":11,"column":40}},"2":{"start":{"line":12,"column":26},"end":{"line":12,"column":40}},"3":{"start":{"line":13,"column":42},"end":{"line":13,"column":56}},"4":{"start":{"line":14,"column":22},"end":{"line":14,"column":30}},"5":{"start":{"line":16,"column":2},"end":{"line":18,"column":9}},"6":{"start":{"line":17,"column":4},"end":{"line":17,"column":58}},"7":{"start":{"line":17,"column":41},"end":{"line":17,"column":56}},"8":{"start":{"line":20,"column":2},"end":{"line":27,"column":9}},"9":{"start":{"line":21,"column":27},"end":{"line":21,"column":75}},"10":{"start":{"line":22,"column":4},"end":{"line":26,"column":5}},"11":{"start":{"line":23,"column":19},"end":{"line":23,"column":45}},"12":{"start":{"line":24,"column":6},"end":{"line":24,"column":20}},"13":{"start":{"line":25,"column":6},"end":{"line":25,"column":39}},"14":{"start":{"line":29,"column":21},"end":{"line":34,"column":3}},"15":{"start":{"line":30,"column":4},"end":{"line":30,"column":39}},"16":{"start":{"line":31,"column":4},"end":{"line":33,"column":13}},"17":{"start":{"line":32,"column":6},"end":{"line":32,"column":28}},"18":{"start":{"line":36,"column":21},"end":{"line":45,"column":3}},"19":{"start":{"line":37,"column":4},"end":{"line":42,"column":5}},"20":{"start":{"line":38,"column":6},"end":{"line":38,"column":58}},"21":{"start":{"line":41,"column":6},"end":{"line":41,"column":49}},"22":{"start":{"line":43,"column":24},"end":{"line":43,"column":50}},"23":{"start":{"line":44,"column":4},"end":{"line":44,"column":26}},"24":{"start":{"line":47,"column":23},"end":{"line":62,"column":3}},"25":{"start":{"line":48,"column":4},"end":{"line":61,"column":5}},"26":{"start":{"line":53,"column":6},"end":{"line":58,"column":7}},"27":{"start":{"line":54,"column":8},"end":{"line":54,"column":54}},"28":{"start":{"line":55,"column":8},"end":{"line":55,"column":79}},"29":{"start":{"line":57,"column":8},"end":{"line":57,"column":53}},"30":{"start":{"line":59,"column":26},"end":{"line":59,"column":52}},"31":{"start":{"line":60,"column":6},"end":{"line":60,"column":28}},"32":{"start":{"line":64,"column":22},"end":{"line":76,"column":3}},"33":{"start":{"line":65,"column":4},"end":{"line":75,"column":5}},"34":{"start":{"line":66,"column":19},"end":{"line":66,"column":56}},"35":{"start":{"line":68,"column":6},"end":{"line":68,"column":77}},"36":{"start":{"line":70,"column":6},"end":{"line":70,"column":39}},"37":{"start":{"line":71,"column":6},"end":{"line":71,"column":20}},"38":{"start":{"line":72,"column":6},"end":{"line":72,"column":43}},"39":{"start":{"line":74,"column":6},"end":{"line":74,"column":56}},"40":{"start":{"line":78,"column":23},"end":{"line":82,"column":3}},"41":{"start":{"line":79,"column":4},"end":{"line":79,"column":56}},"42":{"start":{"line":80,"column":4},"end":{"line":80,"column":18}},"43":{"start":{"line":81,"column":4},"end":{"line":81,"column":42}},"44":{"start":{"line":84,"column":20},"end":{"line":90,"column":3}},"45":{"start":{"line":85,"column":4},"end":{"line":89,"column":10}},"46":{"start":{"line":92,"column":18},"end":{"line":104,"column":3}},"47":{"start":{"line":93,"column":4},"end":{"line":93,"column":43}},"48":{"start":{"line":94,"column":4},"end":{"line":103,"column":5}},"49":{"start":{"line":95,"column":27},"end":{"line":95,"column":63}},"50":{"start":{"line":96,"column":6},"end":{"line":96,"column":32}},"51":{"start":{"line":97,"column":6},"end":{"line":97,"column":43}},"52":{"start":{"line":98,"column":6},"end":{"line":100,"column":8}},"53":{"start":{"line":102,"column":6},"end":{"line":102,"column":48}},"54":{"start":{"line":106,"column":19},"end":{"line":118,"column":3}},"55":{"start":{"line":107,"column":4},"end":{"line":117,"column":10}},"56":{"start":{"line":109,"column":8},"end":{"line":115,"column":10}},"57":{"start":{"line":120,"column":2},"end":{"line":122,"column":3}},"58":{"start":{"line":121,"column":4},"end":{"line":121,"column":36}},"59":{"start":{"line":124,"column":2},"end":{"line":136,"column":4}}},"fnMap":{"0":{"name":"(anonymous_0)","decl":{"start":{"line":10,"column":12},"end":{"line":10,"column":13}},"loc":{"start":{"line":10,"column":18},"end":{"line":137,"column":1}},"line":10},"1":{"name":"(anonymous_1)","decl":{"start":{"line":16,"column":12},"end":{"line":16,"column":13}},"loc":{"start":{"line":16,"column":18},"end":{"line":18,"column":3}},"line":16},"2":{"name":"(anonymous_2)","decl":{"start":{"line":17,"column":30},"end":{"line":17,"column":31}},"loc":{"start":{"line":17,"column":41},"end":{"line":17,"column":56}},"line":17},"3":{"name":"(anonymous_3)","decl":{"start":{"line":20,"column":12},"end":{"line":20,"column":13}},"loc":{"start":{"line":20,"column":18},"end":{"line":27,"column":3}},"line":20},"4":{"name":"(anonymous_4)","decl":{"start":{"line":29,"column":21},"end":{"line":29,"column":22}},"loc":{"start":{"line":29,"column":52},"end":{"line":34,"column":3}},"line":29},"5":{"name":"(anonymous_5)","decl":{"start":{"line":31,"column":15},"end":{"line":31,"column":16}},"loc":{"start":{"line":31,"column":21},"end":{"line":33,"column":5}},"line":31},"6":{"name":"(anonymous_6)","decl":{"start":{"line":36,"column":21},"end":{"line":36,"column":22}},"loc":{"start":{"line":36,"column":43},"end":{"line":45,"column":3}},"line":36},"7":{"name":"(anonymous_7)","decl":{"start":{"line":47,"column":23},"end":{"line":47,"column":24}},"loc":{"start":{"line":47,"column":45},"end":{"line":62,"column":3}},"line":47},"8":{"name":"(anonymous_8)","decl":{"start":{"line":64,"column":22},"end":{"line":64,"column":23}},"loc":{"start":{"line":64,"column":45},"end":{"line":76,"column":3}},"line":64},"9":{"name":"(anonymous_9)","decl":{"start":{"line":78,"column":23},"end":{"line":78,"column":24}},"loc":{"start":{"line":78,"column":29},"end":{"line":82,"column":3}},"line":78},"10":{"name":"(anonymous_10)","decl":{"start":{"line":84,"column":20},"end":{"line":84,"column":21}},"loc":{"start":{"line":85,"column":4},"end":{"line":89,"column":10}},"line":85},"11":{"name":"(anonymous_11)","decl":{"start":{"line":92,"column":18},"end":{"line":92,"column":19}},"loc":{"start":{"line":92,"column":40},"end":{"line":104,"column":3}},"line":92},"12":{"name":"(anonymous_12)","decl":{"start":{"line":106,"column":19},"end":{"line":106,"column":20}},"loc":{"start":{"line":107,"column":4},"end":{"line":117,"column":10}},"line":107},"13":{"name":"(anonymous_13)","decl":{"start":{"line":108,"column":17},"end":{"line":108,"column":18}},"loc":{"start":{"line":109,"column":8},"end":{"line":115,"column":10}},"line":109}},"branchMap":{"0":{"loc":{"start":{"line":22,"column":4},"end":{"line":26,"column":5}},"type":"if","locations":[{"start":{"line":22,"column":4},"end":{"line":26,"column":5}},{"start":{"line":22,"column":4},"end":{"line":26,"column":5}}],"line":22},"1":{"loc":{"start":{"line":29,"column":31},"end":{"line":29,"column":47}},"type":"default-arg","locations":[{"start":{"line":29,"column":38},"end":{"line":29,"column":47}}],"line":29},"2":{"loc":{"start":{"line":48,"column":4},"end":{"line":61,"column":5}},"type":"if","locations":[{"start":{"line":48,"column":4},"end":{"line":61,"column":5}},{"start":{"line":48,"column":4},"end":{"line":61,"column":5}}],"line":48},"3":{"loc":{"start":{"line":120,"column":2},"end":{"line":122,"column":3}},"type":"if","locations":[{"start":{"line":120,"column":2},"end":{"line":122,"column":3}},{"start":{"line":120,"column":2},"end":{"line":122,"column":3}}],"line":120}},"s":{"0":0,"1":0,"2":0,"3":0,"4":0,"5":0,"6":0,"7":0,"8":0,"9":0,"10":0,"11":0,"12":0,"13":0,"14":0,"15":0,"16":0,"17":0,"18":0,"19":0,"20":0,"21":0,"22":0,"23":0,"24":0,"25":0,"26":0,"27":0,"28":0,"29":0,"30":0,"31":0,"32":0,"33":0,"34":0,"35":0,"36":0,"37":0,"38":0,"39":0,"40":0,"41":0,"42":0,"43":0,"44":0,"45":0,"46":0,"47":0,"48":0,"49":0,"50":0,"51":0,"52":0,"53":0,"54":0,"55":0,"56":0,"57":0,"58":0,"59":0},"f":{"0":0,"1":0,"2":0,"3":0,"4":0,"5":0,"6":0,"7":0,"8":0,"9":0,"10":0,"11":0,"12":0,"13":0},"b":{"0":[0,0],"1":[0],"2":[0,0],"3":[0,0]}}
,"C:\\Personal\\2021 JavaScript Learning\\FullStackOpenProjects\\bloglist-frontend\\src\\index.js": {"path":"C:\\Personal\\2021 JavaScript Learning\\FullStackOpenProjects\\bloglist-frontend\\src\\index.js","statementMap":{"0":{"start":{"line":6,"column":0},"end":{"line":6,"column":58}}},"fnMap":{},"branchMap":{},"s":{"0":0},"f":{},"b":{}}
,"C:\\Personal\\2021 JavaScript Learning\\FullStackOpenProjects\\bloglist-frontend\\src\\components\\Blog.js": {"path":"C:\\Personal\\2021 JavaScript Learning\\FullStackOpenProjects\\bloglist-frontend\\src\\components\\Blog.js","statementMap":{"0":{"start":{"line":4,"column":13},"end":{"line":52,"column":1}},"1":{"start":{"line":5,"column":20},"end":{"line":11,"column":3}},"2":{"start":{"line":13,"column":40},"end":{"line":13,"column":55}},"3":{"start":{"line":16,"column":26},"end":{"line":16,"column":64}},"4":{"start":{"line":17,"column":28},"end":{"line":17,"column":57}},"5":{"start":{"line":18,"column":27},"end":{"line":20,"column":3}},"6":{"start":{"line":22,"column":24},"end":{"line":24,"column":3}},"7":{"start":{"line":23,"column":4},"end":{"line":23,"column":33}},"8":{"start":{"line":26,"column":19},"end":{"line":29,"column":3}},"9":{"start":{"line":27,"column":23},"end":{"line":27,"column":57}},"10":{"start":{"line":28,"column":4},"end":{"line":28,"column":24}},"11":{"start":{"line":31,"column":26},"end":{"line":34,"column":3}},"12":{"start":{"line":32,"column":23},"end":{"line":32,"column":27}},"13":{"start":{"line":33,"column":4},"end":{"line":33,"column":27}},"14":{"start":{"line":36,"column":2},"end":{"line":51,"column":4}},"15":{"start":{"line":54,"column":0},"end":{"line":59,"column":2}}},"fnMap":{"0":{"name":"(anonymous_0)","decl":{"start":{"line":4,"column":13},"end":{"line":4,"column":14}},"loc":{"start":{"line":4,"column":61},"end":{"line":52,"column":1}},"line":4},"1":{"name":"(anonymous_1)","decl":{"start":{"line":22,"column":24},"end":{"line":22,"column":25}},"loc":{"start":{"line":22,"column":30},"end":{"line":24,"column":3}},"line":22},"2":{"name":"(anonymous_2)","decl":{"start":{"line":26,"column":19},"end":{"line":26,"column":20}},"loc":{"start":{"line":26,"column":25},"end":{"line":29,"column":3}},"line":26},"3":{"name":"(anonymous_3)","decl":{"start":{"line":31,"column":26},"end":{"line":31,"column":27}},"loc":{"start":{"line":31,"column":32},"end":{"line":34,"column":3}},"line":31}},"branchMap":{"0":{"loc":{"start":{"line":16,"column":37},"end":{"line":16,"column":62}},"type":"cond-expr","locations":[{"start":{"line":16,"column":51},"end":{"line":16,"column":53}},{"start":{"line":16,"column":56},"end":{"line":16,"column":62}}],"line":16},"1":{"loc":{"start":{"line":17,"column":28},"end":{"line":17,"column":57}},"type":"cond-expr","locations":[{"start":{"line":17,"column":42},"end":{"line":17,"column":48}},{"start":{"line":17,"column":51},"end":{"line":17,"column":57}}],"line":17},"2":{"loc":{"start":{"line":19,"column":13},"end":{"line":19,"column":62}},"type":"cond-expr","locations":[{"start":{"line":19,"column":51},"end":{"line":19,"column":53}},{"start":{"line":19,"column":56},"end":{"line":19,"column":62}}],"line":19}},"s":{"0":1,"1":4,"2":4,"3":4,"4":4,"5":4,"6":4,"7":1,"8":4,"9":2,"10":2,"11":4,"12":0,"13":0,"14":4,"15":1},"f":{"0":4,"1":1,"2":2,"3":0},"b":{"0":[1,3],"1":[1,3],"2":[0,4]},"_coverageSchema":"1a1c01bbd47fc00a2c39e90264f33305004495a9","hash":"1e5daa7949f37618dc5532676a5edc8a3585ce1e"}
,"C:\\Personal\\2021 JavaScript Learning\\FullStackOpenProjects\\bloglist-frontend\\src\\components\\BlogForm.js": {"path":"C:\\Personal\\2021 JavaScript Learning\\FullStackOpenProjects\\bloglist-frontend\\src\\components\\BlogForm.js","statementMap":{"0":{"start":{"line":4,"column":17},"end":{"line":60,"column":1}},"1":{"start":{"line":5,"column":28},"end":{"line":5,"column":40}},"2":{"start":{"line":6,"column":30},"end":{"line":6,"column":42}},"3":{"start":{"line":7,"column":24},"end":{"line":7,"column":36}},"4":{"start":{"line":9,"column":18},"end":{"line":20,"column":3}},"5":{"start":{"line":10,"column":4},"end":{"line":10,"column":27}},"6":{"start":{"line":11,"column":4},"end":{"line":15,"column":7}},"7":{"start":{"line":17,"column":4},"end":{"line":17,"column":17}},"8":{"start":{"line":18,"column":4},"end":{"line":18,"column":18}},"9":{"start":{"line":19,"column":4},"end":{"line":19,"column":15}},"10":{"start":{"line":22,"column":2},"end":{"line":59,"column":4}},"11":{"start":{"line":33,"column":38},"end":{"line":33,"column":60}},"12":{"start":{"line":43,"column":38},"end":{"line":43,"column":61}},"13":{"start":{"line":53,"column":38},"end":{"line":53,"column":58}},"14":{"start":{"line":62,"column":0},"end":{"line":64,"column":2}}},"fnMap":{"0":{"name":"(anonymous_0)","decl":{"start":{"line":4,"column":17},"end":{"line":4,"column":18}},"loc":{"start":{"line":4,"column":37},"end":{"line":60,"column":1}},"line":4},"1":{"name":"(anonymous_1)","decl":{"start":{"line":9,"column":18},"end":{"line":9,"column":19}},"loc":{"start":{"line":9,"column":29},"end":{"line":20,"column":3}},"line":9},"2":{"name":"(anonymous_2)","decl":{"start":{"line":33,"column":22},"end":{"line":33,"column":23}},"loc":{"start":{"line":33,"column":38},"end":{"line":33,"column":60}},"line":33},"3":{"name":"(anonymous_3)","decl":{"start":{"line":43,"column":22},"end":{"line":43,"column":23}},"loc":{"start":{"line":43,"column":38},"end":{"line":43,"column":61}},"line":43},"4":{"name":"(anonymous_4)","decl":{"start":{"line":53,"column":22},"end":{"line":53,"column":23}},"loc":{"start":{"line":53,"column":38},"end":{"line":53,"column":58}},"line":53}},"branchMap":{},"s":{"0":1,"1":5,"2":5,"3":5,"4":5,"5":1,"6":1,"7":1,"8":1,"9":1,"10":5,"11":1,"12":1,"13":1,"14":1},"f":{"0":5,"1":1,"2":1,"3":1,"4":1},"b":{},"_coverageSchema":"1a1c01bbd47fc00a2c39e90264f33305004495a9","hash":"5ee1f353a2d170dfb88947195f4b71e286c26a5c"}
,"C:\\Personal\\2021 JavaScript Learning\\FullStackOpenProjects\\bloglist-frontend\\src\\components\\LoginForm.js": {"path":"C:\\Personal\\2021 JavaScript Learning\\FullStackOpenProjects\\bloglist-frontend\\src\\components\\LoginForm.js","statementMap":{"0":{"start":{"line":4,"column":18},"end":{"line":43,"column":1}},"1":{"start":{"line":5,"column":34},"end":{"line":5,"column":46}},"2":{"start":{"line":6,"column":34},"end":{"line":6,"column":46}},"3":{"start":{"line":8,"column":19},"end":{"line":17,"column":3}},"4":{"start":{"line":9,"column":4},"end":{"line":9,"column":27}},"5":{"start":{"line":10,"column":4},"end":{"line":13,"column":7}},"6":{"start":{"line":15,"column":4},"end":{"line":15,"column":20}},"7":{"start":{"line":16,"column":4},"end":{"line":16,"column":20}},"8":{"start":{"line":19,"column":2},"end":{"line":42,"column":4}},"9":{"start":{"line":28,"column":38},"end":{"line":28,"column":63}},"10":{"start":{"line":36,"column":38},"end":{"line":36,"column":63}},"11":{"start":{"line":45,"column":0},"end":{"line":47,"column":2}}},"fnMap":{"0":{"name":"(anonymous_0)","decl":{"start":{"line":4,"column":18},"end":{"line":4,"column":19}},"loc":{"start":{"line":4,"column":39},"end":{"line":43,"column":1}},"line":4},"1":{"name":"(anonymous_1)","decl":{"start":{"line":8,"column":19},"end":{"line":8,"column":20}},"loc":{"start":{"line":8,"column":30},"end":{"line":17,"column":3}},"line":8},"2":{"name":"(anonymous_2)","decl":{"start":{"line":28,"column":22},"end":{"line":28,"column":23}},"loc":{"start":{"line":28,"column":38},"end":{"line":28,"column":63}},"line":28},"3":{"name":"(anonymous_3)","decl":{"start":{"line":36,"column":22},"end":{"line":36,"column":23}},"loc":{"start":{"line":36,"column":38},"end":{"line":36,"column":63}},"line":36}},"branchMap":{},"s":{"0":0,"1":0,"2":0,"3":0,"4":0,"5":0,"6":0,"7":0,"8":0,"9":0,"10":0,"11":0},"f":{"0":0,"1":0,"2":0,"3":0},"b":{}}
,"C:\\Personal\\2021 JavaScript Learning\\FullStackOpenProjects\\bloglist-frontend\\src\\components\\Notification.js": {"path":"C:\\Personal\\2021 JavaScript Learning\\FullStackOpenProjects\\bloglist-frontend\\src\\components\\Notification.js","statementMap":{"0":{"start":{"line":3,"column":21},"end":{"line":8,"column":1}},"1":{"start":{"line":4,"column":2},"end":{"line":6,"column":3}},"2":{"start":{"line":5,"column":4},"end":{"line":5,"column":16}},"3":{"start":{"line":7,"column":2},"end":{"line":7,"column":73}}},"fnMap":{"0":{"name":"(anonymous_0)","decl":{"start":{"line":3,"column":21},"end":{"line":3,"column":22}},"loc":{"start":{"line":3,"column":43},"end":{"line":8,"column":1}},"line":3}},"branchMap":{"0":{"loc":{"start":{"line":4,"column":2},"end":{"line":6,"column":3}},"type":"if","locations":[{"start":{"line":4,"column":2},"end":{"line":6,"column":3}},{"start":{"line":4,"column":2},"end":{"line":6,"column":3}}],"line":4}},"s":{"0":0,"1":0,"2":0,"3":0},"f":{"0":0},"b":{"0":[0,0]}}
,"C:\\Personal\\2021 JavaScript Learning\\FullStackOpenProjects\\bloglist-frontend\\src\\components\\Togglable.js": {"path":"C:\\Personal\\2021 JavaScript Learning\\FullStackOpenProjects\\bloglist-frontend\\src\\components\\Togglable.js","statementMap":{"0":{"start":{"line":4,"column":18},"end":{"line":31,"column":2}},"1":{"start":{"line":5,"column":32},"end":{"line":5,"column":47}},"2":{"start":{"line":7,"column":26},"end":{"line":7,"column":60}},"3":{"start":{"line":8,"column":26},"end":{"line":8,"column":60}},"4":{"start":{"line":10,"column":27},"end":{"line":12,"column":3}},"5":{"start":{"line":11,"column":4},"end":{"line":11,"column":25}},"6":{"start":{"line":14,"column":2},"end":{"line":18,"column":5}},"7":{"start":{"line":15,"column":4},"end":{"line":17,"column":6}},"8":{"start":{"line":20,"column":2},"end":{"line":30,"column":4}},"9":{"start":{"line":33,"column":0},"end":{"line":35,"column":2}},"10":{"start":{"line":37,"column":0},"end":{"line":37,"column":36}}},"fnMap":{"0":{"name":"(anonymous_0)","decl":{"start":{"line":4,"column":35},"end":{"line":4,"column":36}},"loc":{"start":{"line":4,"column":51},"end":{"line":31,"column":1}},"line":4},"1":{"name":"(anonymous_1)","decl":{"start":{"line":10,"column":27},"end":{"line":10,"column":28}},"loc":{"start":{"line":10,"column":33},"end":{"line":12,"column":3}},"line":10},"2":{"name":"(anonymous_2)","decl":{"start":{"line":14,"column":27},"end":{"line":14,"column":28}},"loc":{"start":{"line":14,"column":33},"end":{"line":18,"column":3}},"line":14}},"branchMap":{"0":{"loc":{"start":{"line":7,"column":37},"end":{"line":7,"column":58}},"type":"cond-expr","locations":[{"start":{"line":7,"column":47},"end":{"line":7,"column":53}},{"start":{"line":7,"column":56},"end":{"line":7,"column":58}}],"line":7},"1":{"loc":{"start":{"line":8,"column":37},"end":{"line":8,"column":58}},"type":"cond-expr","locations":[{"start":{"line":8,"column":47},"end":{"line":8,"column":49}},{"start":{"line":8,"column":52},"end":{"line":8,"column":58}}],"line":8}},"s":{"0":1,"1":7,"2":7,"3":7,"4":7,"5":3,"6":7,"7":0,"8":7,"9":1,"10":1},"f":{"0":7,"1":3,"2":0},"b":{"0":[2,5],"1":[2,5]},"_coverageSchema":"1a1c01bbd47fc00a2c39e90264f33305004495a9","hash":"0dffc42f4bcd67475c938a78a8866a77e798d454"}
,"C:\\Personal\\2021 JavaScript Learning\\FullStackOpenProjects\\bloglist-frontend\\src\\services\\blogs.js": {"path":"C:\\Personal\\2021 JavaScript Learning\\FullStackOpenProjects\\bloglist-frontend\\src\\services\\blogs.js","statementMap":{"0":{"start":{"line":2,"column":16},"end":{"line":2,"column":28}},"1":{"start":{"line":4,"column":12},"end":{"line":4,"column":16}},"2":{"start":{"line":6,"column":17},"end":{"line":8,"column":1}},"3":{"start":{"line":7,"column":2},"end":{"line":7,"column":31}},"4":{"start":{"line":10,"column":15},"end":{"line":17,"column":1}},"5":{"start":{"line":11,"column":17},"end":{"line":13,"column":3}},"6":{"start":{"line":15,"column":19},"end":{"line":15,"column":63}},"7":{"start":{"line":16,"column":2},"end":{"line":16,"column":23}},"8":{"start":{"line":19,"column":15},"end":{"line":26,"column":1}},"9":{"start":{"line":20,"column":17},"end":{"line":22,"column":3}},"10":{"start":{"line":24,"column":19},"end":{"line":24,"column":73}},"11":{"start":{"line":25,"column":2},"end":{"line":25,"column":23}},"12":{"start":{"line":28,"column":21},"end":{"line":35,"column":1}},"13":{"start":{"line":29,"column":17},"end":{"line":31,"column":3}},"14":{"start":{"line":33,"column":19},"end":{"line":33,"column":65}},"15":{"start":{"line":34,"column":2},"end":{"line":34,"column":23}},"16":{"start":{"line":37,"column":15},"end":{"line":40,"column":1}},"17":{"start":{"line":38,"column":19},"end":{"line":38,"column":43}},"18":{"start":{"line":39,"column":2},"end":{"line":39,"column":57}},"19":{"start":{"line":39,"column":38},"end":{"line":39,"column":55}},"20":{"start":{"line":42,"column":21},"end":{"line":42,"column":71}}},"fnMap":{"0":{"name":"(anonymous_0)","decl":{"start":{"line":6,"column":17},"end":{"line":6,"column":18}},"loc":{"start":{"line":6,"column":31},"end":{"line":8,"column":1}},"line":6},"1":{"name":"(anonymous_1)","decl":{"start":{"line":10,"column":15},"end":{"line":10,"column":16}},"loc":{"start":{"line":10,"column":36},"end":{"line":17,"column":1}},"line":10},"2":{"name":"(anonymous_2)","decl":{"start":{"line":19,"column":15},"end":{"line":19,"column":16}},"loc":{"start":{"line":19,"column":40},"end":{"line":26,"column":1}},"line":19},"3":{"name":"(anonymous_3)","decl":{"start":{"line":28,"column":21},"end":{"line":28,"column":22}},"loc":{"start":{"line":28,"column":35},"end":{"line":35,"column":1}},"line":28},"4":{"name":"(anonymous_4)","decl":{"start":{"line":37,"column":15},"end":{"line":37,"column":16}},"loc":{"start":{"line":37,"column":27},"end":{"line":40,"column":1}},"line":37},"5":{"name":"(anonymous_5)","decl":{"start":{"line":39,"column":28},"end":{"line":39,"column":29}},"loc":{"start":{"line":39,"column":38},"end":{"line":39,"column":55}},"line":39}},"branchMap":{},"s":{"0":0,"1":0,"2":0,"3":0,"4":0,"5":0,"6":0,"7":0,"8":0,"9":0,"10":0,"11":0,"12":0,"13":0,"14":0,"15":0,"16":0,"17":0,"18":0,"19":0,"20":0},"f":{"0":0,"1":0,"2":0,"3":0,"4":0,"5":0},"b":{}}
,"C:\\Personal\\2021 JavaScript Learning\\FullStackOpenProjects\\bloglist-frontend\\src\\services\\login.js": {"path":"C:\\Personal\\2021 JavaScript Learning\\FullStackOpenProjects\\bloglist-frontend\\src\\services\\login.js","statementMap":{"0":{"start":{"line":2,"column":16},"end":{"line":2,"column":28}},"1":{"start":{"line":4,"column":14},"end":{"line":7,"column":1}},"2":{"start":{"line":5,"column":19},"end":{"line":5,"column":57}},"3":{"start":{"line":6,"column":2},"end":{"line":6,"column":23}}},"fnMap":{"0":{"name":"(anonymous_0)","decl":{"start":{"line":4,"column":14},"end":{"line":4,"column":15}},"loc":{"start":{"line":4,"column":37},"end":{"line":7,"column":1}},"line":4}},"branchMap":{},"s":{"0":0,"1":0,"2":0,"3":0},"f":{"0":0},"b":{}}
}
